TN:
SF:src/infra/http/app.ts
FNF:0
FNH:0
DA:1,1
DA:2,1
DA:3,1
DA:4,1
DA:5,1
DA:6,1
DA:7,1
DA:8,1
DA:9,1
DA:10,1
DA:11,1
DA:12,1
DA:13,1
DA:14,1
LF:14
LH:14
BRDA:3,0,0,0
BRF:1
BRH:0
end_of_record
TN:
SF:src/infra/http/routes.ts
FNF:0
FNH:0
DA:1,1
DA:2,1
DA:3,1
DA:4,1
DA:5,1
DA:6,1
DA:7,1
DA:8,1
DA:9,1
DA:10,1
DA:11,1
DA:12,1
DA:13,1
DA:14,1
DA:15,1
DA:16,1
DA:17,1
DA:18,1
DA:19,1
DA:20,1
DA:21,1
DA:22,1
DA:23,1
DA:24,1
DA:25,1
DA:26,1
LF:26
LH:26
BRDA:11,0,0,1
BRDA:12,1,0,1
BRDA:15,2,0,1
BRDA:18,3,0,1
BRDA:21,4,0,1
BRDA:24,5,0,1
BRF:6
BRH:6
end_of_record
TN:
SF:src/repositories/mocks/mock-feedback-repository.ts
FN:9,getFeedbacks
FN:12,getFeedback
FN:17,getFeedbacksRejected
FN:22,getFeedbacksPendent
FN:27,getFeedbacksApproved
FN:32,changeFeedbackStatus
FNF:6
FNH:6
FNDA:1,getFeedbacks
FNDA:2,getFeedback
FNDA:1,getFeedbacksRejected
FNDA:1,getFeedbacksPendent
FNDA:1,getFeedbacksApproved
FNDA:1,changeFeedbackStatus
DA:1,1
DA:2,1
DA:3,1
DA:4,1
DA:5,1
DA:6,1
DA:7,1
DA:8,1
DA:9,1
DA:10,1
DA:11,1
DA:12,1
DA:13,2
DA:14,2
DA:15,2
DA:16,2
DA:17,1
DA:18,1
DA:19,1
DA:20,1
DA:21,1
DA:22,1
DA:23,1
DA:24,1
DA:25,1
DA:26,1
DA:27,1
DA:28,1
DA:29,1
DA:30,1
DA:31,1
DA:32,1
DA:33,1
DA:34,1
DA:35,1
DA:36,1
DA:37,1
DA:38,1
DA:39,1
DA:40,1
LF:40
LH:40
BRDA:9,0,0,1
BRDA:12,1,0,2
BRDA:14,2,0,2
BRDA:17,3,0,1
BRDA:19,4,0,3
BRDA:22,5,0,1
BRDA:24,6,0,3
BRDA:27,7,0,1
BRDA:29,8,0,3
BRDA:32,9,0,1
BRDA:34,10,0,1
BRF:11
BRH:11
end_of_record
TN:
SF:src/repositories/prisma/prisma-feedback-repository.ts
FN:8,getFeedbacks
FN:12,getFeedback
FN:20,getFeedbacksRejected
FN:28,getFeedbacksPendent
FN:36,getFeedbacksApproved
FN:44,changeFeedbackStatus
FNF:6
FNH:6
FNDA:2,getFeedbacks
FNDA:2,getFeedback
FNDA:2,getFeedbacksRejected
FNDA:2,getFeedbacksPendent
FNDA:2,getFeedbacksApproved
FNDA:2,changeFeedbackStatus
DA:1,1
DA:2,1
DA:3,1
DA:4,1
DA:5,1
DA:6,1
DA:7,1
DA:8,1
DA:9,2
DA:10,2
DA:11,2
DA:12,1
DA:13,2
DA:14,2
DA:15,2
DA:16,2
DA:17,2
DA:18,2
DA:19,2
DA:20,1
DA:21,2
DA:22,2
DA:23,2
DA:24,2
DA:25,2
DA:26,2
DA:27,2
DA:28,1
DA:29,2
DA:30,2
DA:31,2
DA:32,2
DA:33,2
DA:34,2
DA:35,2
DA:36,1
DA:37,2
DA:38,2
DA:39,2
DA:40,2
DA:41,2
DA:42,2
DA:43,2
DA:44,1
DA:45,2
DA:46,2
DA:47,2
DA:48,2
DA:49,2
DA:50,2
DA:51,2
DA:52,2
DA:53,2
DA:54,2
DA:55,1
LF:55
LH:55
BRDA:8,0,0,2
BRDA:12,1,0,2
BRDA:20,2,0,2
BRDA:28,3,0,2
BRDA:36,4,0,2
BRDA:44,5,0,2
BRF:6
BRH:6
end_of_record
TN:
SF:src/use-cases/change-feedback-status/change-feedback-status-controller.ts
FN:9,handle
FN:5,ChangeFeedbackStatusController
FNF:2
FNH:2
FNDA:1,handle
FNDA:1,ChangeFeedbackStatusController
DA:1,1
DA:2,1
DA:3,1
DA:4,1
DA:5,1
DA:6,1
DA:7,1
DA:8,1
DA:9,1
DA:10,1
DA:11,1
DA:12,1
DA:13,1
DA:14,1
DA:15,1
DA:16,1
DA:17,1
DA:18,1
DA:19,1
DA:20,1
DA:21,0
DA:22,0
DA:23,0
DA:24,0
DA:25,1
DA:26,1
LF:26
LH:22
BRDA:9,0,0,1
BRDA:20,1,0,0
BRDA:5,2,0,1
BRF:3
BRH:2
end_of_record
TN:
SF:src/use-cases/change-feedback-status/change-feedback-status-factory.ts
FN:5,ChangeFeedbackStatus
FNF:1
FNH:1
FNDA:1,ChangeFeedbackStatus
DA:1,1
DA:2,1
DA:3,1
DA:4,1
DA:5,1
DA:6,1
DA:7,1
DA:8,1
DA:9,1
DA:10,1
DA:11,1
DA:12,1
DA:13,1
DA:14,1
LF:14
LH:14
BRDA:5,0,0,1
BRF:1
BRH:1
end_of_record
TN:
SF:src/use-cases/change-feedback-status/change-feedback-status-use-case.ts
FN:7,execute
FN:5,ChangeFeedbackStatusUseCase
FNF:2
FNH:2
FNDA:2,execute
FNDA:2,ChangeFeedbackStatusUseCase
DA:1,1
DA:2,1
DA:3,1
DA:4,1
DA:5,1
DA:6,1
DA:7,1
DA:8,2
DA:9,2
DA:10,1
LF:10
LH:10
BRDA:7,0,0,2
BRDA:5,1,0,2
BRF:2
BRH:2
end_of_record
TN:
SF:src/use-cases/get-feedback/get-feedback-controller.ts
FN:7,handle
FN:5,GetFeedbackController
FNF:2
FNH:2
FNDA:1,handle
FNDA:1,GetFeedbackController
DA:1,1
DA:2,1
DA:3,1
DA:4,1
DA:5,1
DA:6,1
DA:7,1
DA:8,1
DA:9,1
DA:10,1
DA:11,1
DA:12,0
DA:13,0
DA:14,0
DA:15,0
DA:16,1
DA:17,1
LF:17
LH:13
BRDA:7,0,0,1
BRDA:11,1,0,0
BRDA:5,2,0,1
BRF:3
BRH:2
end_of_record
TN:
SF:src/use-cases/get-feedback/get-feedback-factory.ts
FN:5,GetFeedbackFactory
FNF:1
FNH:1
FNDA:1,GetFeedbackFactory
DA:1,1
DA:2,1
DA:3,1
DA:4,1
DA:5,1
DA:6,1
DA:7,1
DA:8,1
DA:9,1
DA:10,1
LF:10
LH:10
BRDA:5,0,0,1
BRF:1
BRH:1
end_of_record
TN:
SF:src/use-cases/get-feedback/get-feedback-use-case.ts
FN:9,execute
FN:5,GetFeedbackUseCase
FNF:2
FNH:2
FNDA:3,execute
FNDA:2,GetFeedbackUseCase
DA:1,1
DA:2,1
DA:3,1
DA:4,1
DA:5,1
DA:6,2
DA:7,2
DA:8,1
DA:9,1
DA:10,3
DA:11,3
DA:12,1
LF:12
LH:12
BRDA:9,0,0,3
BRDA:5,1,0,2
BRF:2
BRH:2
end_of_record
TN:
SF:src/use-cases/get-feedbacks/get-feedbacks-controller.ts
FN:7,handle
FN:5,GetFeedbacksController
FNF:2
FNH:2
FNDA:1,handle
FNDA:1,GetFeedbacksController
DA:1,1
DA:2,1
DA:3,1
DA:4,1
DA:5,1
DA:6,1
DA:7,1
DA:8,1
DA:9,1
DA:10,1
DA:11,1
DA:12,0
DA:13,0
DA:14,0
DA:15,0
DA:16,1
DA:17,1
LF:17
LH:13
BRDA:7,0,0,1
BRDA:11,1,0,0
BRDA:5,2,0,1
BRF:3
BRH:2
end_of_record
TN:
SF:src/use-cases/get-feedbacks/get-feedbacks-factory.ts
FN:5,GetFeedbacksFactory
FNF:1
FNH:1
FNDA:1,GetFeedbacksFactory
DA:1,1
DA:2,1
DA:3,1
DA:4,1
DA:5,1
DA:6,1
DA:7,1
DA:8,1
DA:9,1
DA:10,1
DA:11,1
DA:12,1
LF:12
LH:12
BRDA:5,0,0,1
BRF:1
BRH:1
end_of_record
TN:
SF:src/use-cases/get-feedbacks/get-feedbacks-use-case.ts
FN:9,execute
FN:5,GetFeedbacksUseCase
FNF:2
FNH:2
FNDA:2,execute
FNDA:2,GetFeedbacksUseCase
DA:1,1
DA:2,1
DA:3,1
DA:4,1
DA:5,1
DA:6,2
DA:7,2
DA:8,1
DA:9,1
DA:10,2
DA:11,2
DA:12,1
LF:12
LH:12
BRDA:9,0,0,2
BRDA:5,1,0,2
BRF:2
BRH:2
end_of_record
TN:
SF:src/use-cases/get-feedbacks-approved/get-feedbacks-approved-controller.ts
FN:9,handle
FN:5,GetFeedbacksApprovedController
FNF:2
FNH:2
FNDA:1,handle
FNDA:1,GetFeedbacksApprovedController
DA:1,1
DA:2,1
DA:3,1
DA:4,1
DA:5,1
DA:6,1
DA:7,1
DA:8,1
DA:9,1
DA:10,1
DA:11,1
DA:12,1
DA:13,1
DA:14,0
DA:15,0
DA:16,0
DA:17,0
DA:18,1
DA:19,1
LF:19
LH:15
BRDA:9,0,0,1
BRDA:13,1,0,0
BRDA:5,2,0,1
BRF:3
BRH:2
end_of_record
TN:
SF:src/use-cases/get-feedbacks-approved/get-feedbacks-approved-factory.ts
FN:5,GetFeedbacksApprovedFactory
FNF:1
FNH:1
FNDA:1,GetFeedbacksApprovedFactory
DA:1,1
DA:2,1
DA:3,1
DA:4,1
DA:5,1
DA:6,1
DA:7,1
DA:8,1
DA:9,1
DA:10,1
DA:11,1
DA:12,1
DA:13,1
DA:14,1
LF:14
LH:14
BRDA:5,0,0,1
BRF:1
BRH:1
end_of_record
TN:
SF:src/use-cases/get-feedbacks-approved/get-feedbacks-approved-use-case.ts
FN:9,execute
FN:5,GetFeedbacksApprovedUseCase
FNF:2
FNH:2
FNDA:2,execute
FNDA:2,GetFeedbacksApprovedUseCase
DA:1,1
DA:2,1
DA:3,1
DA:4,1
DA:5,1
DA:6,2
DA:7,2
DA:8,1
DA:9,1
DA:10,2
DA:11,2
DA:12,1
LF:12
LH:12
BRDA:9,0,0,2
BRDA:5,1,0,2
BRF:2
BRH:2
end_of_record
TN:
SF:src/use-cases/get-feedbacks-pendent/get-feedbacks-pendent-controller.ts
FN:9,handle
FN:5,GetFeedbacksPendentController
FNF:2
FNH:2
FNDA:1,handle
FNDA:1,GetFeedbacksPendentController
DA:1,1
DA:2,1
DA:3,1
DA:4,1
DA:5,1
DA:6,1
DA:7,1
DA:8,1
DA:9,1
DA:10,1
DA:11,1
DA:12,1
DA:13,1
DA:14,0
DA:15,0
DA:16,0
DA:17,0
DA:18,1
DA:19,1
LF:19
LH:15
BRDA:9,0,0,1
BRDA:13,1,0,0
BRDA:5,2,0,1
BRF:3
BRH:2
end_of_record
TN:
SF:src/use-cases/get-feedbacks-pendent/get-feedbacks-pendent-factory.ts
FN:5,GetFeedbacksPendentFactory
FNF:1
FNH:1
FNDA:1,GetFeedbacksPendentFactory
DA:1,1
DA:2,1
DA:3,1
DA:4,1
DA:5,1
DA:6,1
DA:7,1
DA:8,1
DA:9,1
DA:10,1
DA:11,1
DA:12,1
DA:13,1
DA:14,1
LF:14
LH:14
BRDA:5,0,0,1
BRF:1
BRH:1
end_of_record
TN:
SF:src/use-cases/get-feedbacks-pendent/get-feedbacks-pendent-use-case.ts
FN:9,execute
FN:5,GetFeedbacksPendentUseCase
FNF:2
FNH:2
FNDA:2,execute
FNDA:2,GetFeedbacksPendentUseCase
DA:1,1
DA:2,1
DA:3,1
DA:4,1
DA:5,1
DA:6,2
DA:7,2
DA:8,1
DA:9,1
DA:10,2
DA:11,2
DA:12,1
LF:12
LH:12
BRDA:9,0,0,2
BRDA:5,1,0,2
BRF:2
BRH:2
end_of_record
TN:
SF:src/use-cases/get-feedbacks-rejected/get-feedbacks-rejected-controller.ts
FN:9,handle
FN:5,GetFeedbacksRejectedController
FNF:2
FNH:2
FNDA:1,handle
FNDA:1,GetFeedbacksRejectedController
DA:1,1
DA:2,1
DA:3,1
DA:4,1
DA:5,1
DA:6,1
DA:7,1
DA:8,1
DA:9,1
DA:10,1
DA:11,1
DA:12,1
DA:13,1
DA:14,0
DA:15,0
DA:16,0
DA:17,0
DA:18,1
DA:19,1
LF:19
LH:15
BRDA:9,0,0,1
BRDA:13,1,0,0
BRDA:5,2,0,1
BRF:3
BRH:2
end_of_record
TN:
SF:src/use-cases/get-feedbacks-rejected/get-feedbacks-rejected-factory.ts
FN:5,GetFeedbacksRejectedFactory
FNF:1
FNH:1
FNDA:1,GetFeedbacksRejectedFactory
DA:1,1
DA:2,1
DA:3,1
DA:4,1
DA:5,1
DA:6,1
DA:7,1
DA:8,1
DA:9,1
DA:10,1
DA:11,1
DA:12,1
DA:13,1
DA:14,1
LF:14
LH:14
BRDA:5,0,0,1
BRF:1
BRH:1
end_of_record
TN:
SF:src/use-cases/get-feedbacks-rejected/get-feedbacks-rejected-use-case.ts
FN:9,execute
FN:5,GetFeedbacksRejectedUseCase
FNF:2
FNH:2
FNDA:2,execute
FNDA:2,GetFeedbacksRejectedUseCase
DA:1,1
DA:2,1
DA:3,1
DA:4,1
DA:5,1
DA:6,2
DA:7,2
DA:8,1
DA:9,1
DA:10,2
DA:11,2
DA:12,1
LF:12
LH:12
BRDA:9,0,0,2
BRDA:5,1,0,2
BRF:2
BRH:2
end_of_record
