TN:
SF:src/services/kafka-service.ts
FN:16,execute
FNF:1
FNH:0
FNDA:0,execute
DA:1,1
DA:2,1
DA:3,1
DA:4,1
DA:5,1
DA:6,1
DA:7,1
DA:8,1
DA:9,1
DA:10,1
DA:11,1
DA:12,1
DA:13,1
DA:14,1
DA:15,1
DA:16,1
DA:17,0
DA:18,0
DA:19,0
DA:20,0
DA:21,0
DA:22,0
DA:23,0
DA:24,0
DA:25,0
DA:26,0
DA:27,1
LF:27
LH:17
BRF:0
BRH:0
end_of_record
TN:
SF:src/usecases/submit-feedback-usecase.ts
FN:18,execute
FN:12,SubmitFeedbackUseCase
FNF:2
FNH:2
FNDA:4,execute
FNDA:1,SubmitFeedbackUseCase
DA:1,1
DA:2,1
DA:3,1
DA:4,1
DA:5,1
DA:6,1
DA:7,1
DA:8,1
DA:9,1
DA:10,1
DA:11,1
DA:12,1
DA:13,1
DA:14,1
DA:15,1
DA:16,1
DA:17,1
DA:18,1
DA:19,4
DA:20,4
DA:21,4
DA:22,3
DA:23,4
DA:24,2
DA:25,4
DA:26,4
DA:27,1
DA:28,1
DA:29,1
DA:30,1
DA:31,1
DA:32,1
DA:33,1
DA:34,1
DA:35,1
DA:36,1
DA:37,1
DA:38,1
DA:39,1
DA:40,1
DA:41,1
DA:42,1
DA:43,1
DA:44,1
DA:45,1
DA:46,1
DA:47,1
DA:48,1
DA:49,1
DA:50,1
DA:51,0
DA:52,1
LF:52
LH:51
BRDA:18,0,0,4
BRDA:21,1,0,1
BRDA:22,2,0,3
BRDA:23,3,0,1
BRDA:24,4,0,2
BRDA:26,5,0,1
BRDA:51,6,0,0
BRDA:12,7,0,1
BRF:8
BRH:7
end_of_record
